Warning: You're using Rubygems 1.8.23 with Spring. Upgrade to at least Rubygems 2.1.0 and run `gem pristine --all` for better startup performance.
A server is already running. Check /home/kamil/myapp/tmp/pids/server.pid.
=> Booting WEBrick
=> Rails 4.1.1 application starting in development on http://0.0.0.0:3000
=> Run `rails server -h` for more startup options
=> Notice: server is listening on all interfaces (0.0.0.0). Consider using 127.0.0.1 (--binding option)
=> Ctrl-C to shutdown server
Exiting
Warning: You're using Rubygems 1.8.23 with Spring. Upgrade to at least Rubygems 2.1.0 and run `gem pristine --all` for better startup performance.
[2014-06-14 21:10:00] INFO  WEBrick 1.3.1
[2014-06-14 21:10:00] INFO  ruby 1.9.3 (2012-04-20) [i486-linux]
[2014-06-14 21:10:00] INFO  WEBrick::HTTPServer#start: pid=9119 port=3000
[2014-06-14 21:10:34] WARN  Could not determine content-length of response body. Set content-length of the response or set Response#chunked = true
[2014-06-14 21:10:34] WARN  Could not determine content-length of response body. Set content-length of the response or set Response#chunked = true
[2014-06-14 21:10:36] WARN  Could not determine content-length of response body. Set content-length of the response or set Response#chunked = true
[2014-06-14 21:10:36] WARN  Could not determine content-length of response body. Set content-length of the response or set Response#chunked = true
[2014-06-14 21:10:38] WARN  Could not determine content-length of response body. Set content-length of the response or set Response#chunked = true
[2014-06-14 21:10:39] WARN  Could not determine content-length of response body. Set content-length of the response or set Response#chunked = true
[2014-06-14 21:11:57] WARN  Could not determine content-length of response body. Set content-length of the response or set Response#chunked = true
[2014-06-14 21:11:57] WARN  Could not determine content-length of response body. Set content-length of the response or set Response#chunked = true
[2014-06-14 21:14:22] WARN  Could not determine content-length of response body. Set content-length of the response or set Response#chunked = true
[2014-06-14 21:14:23] WARN  Could not determine content-length of response body. Set content-length of the response or set Response#chunked = true
[2014-06-15 11:13:50] WARN  Could not determine content-length of response body. Set content-length of the response or set Response#chunked = true
[2014-06-17 17:45:37] WARN  Could not determine content-length of response body. Set content-length of the response or set Response#chunked = true
[2014-06-17 17:45:37] WARN  Could not determine content-length of response body. Set content-length of the response or set Response#chunked = true
